<?xml version="1.0" encoding="UTF-8"?>
<!-- Generated by org.testng.reporters.JUnitReportReporter -->
<testsuite skipped="0" hostname="COMPAQ-PC" name="sampleGitTest.SampleGitTest" tests="1" failures="0" timestamp="17 Jun 2018 05:40:11 GMT" time="12.200" errors="0">
  <testcase name="logintest" time="12.200" classname="sampleGitTest.SampleGitTest"/>
</testsuite> <!-- sampleGitTest.SampleGitTest -->
