<?xml version="1.0" encoding="UTF-8"?>
<!-- Generated by org.testng.reporters.JUnitReportReporter -->
<testsuite name="sampleGitTest.SampleGitTest" tests="1" time="11.043" ignored="0" failures="0" timestamp="17 Jun 2018 06:15:34 GMT" skipped="0" hostname="COMPAQ-PC" errors="0">
  <testcase name="logintest" time="11.043" classname="sampleGitTest.SampleGitTest"/>
</testsuite> <!-- sampleGitTest.SampleGitTest -->
